\BOOKMARK [0][-]{chapter.1}{\376\377\006\105\006\102\006\057\006\105\006\107}{}% 1
\BOOKMARK [1][-]{section.1.1}{\376\377\006\105\006\102\006\057\006\105\006\107}{chapter.1}% 2
\BOOKMARK [1][-]{section.1.2}{\376\377\006\206\006\047\006\104\006\064\040\014\006\107\006\047\006\314\000\040\006\047\006\063\006\052\006\101\006\047\006\057\006\107\000\040\006\047\006\062\000\040\006\176\006\107\006\176\006\047\006\057}{chapter.1}% 3
\BOOKMARK [1][-]{section.1.3}{\376\377\006\047\006\107\006\105\006\314\006\052\000\040\006\047\006\063\006\052\006\101\006\047\006\057\006\107\000\040\006\047\006\062\000\040\006\050\006\314\006\106\006\047\006\314\006\314\000\040\006\105\006\047\006\064\006\314\006\106\000\040\006\057\006\061\000\040\006\176\006\107\006\176\006\047\006\057}{chapter.1}% 4
\BOOKMARK [1][-]{section.1.4}{\376\377\006\052\006\071\006\061\006\314\006\101\000\040\006\105\006\063\006\046\006\104\006\107}{chapter.1}% 5
\BOOKMARK [1][-]{section.1.5}{\376\377\006\105\006\061\006\047\006\055\006\104\000\040\006\047\006\106\006\054\006\047\006\105\000\040\006\176\006\061\006\110\006\230\006\107}{chapter.1}% 6
\BOOKMARK [1][-]{section.1.6}{\376\377\006\206\006\047\006\104\006\064\040\014\006\107\006\047\006\314\000\040\006\047\006\054\006\061\006\047\006\314\000\040\006\176\006\061\006\110\006\230\006\107}{chapter.1}% 7
\BOOKMARK [1][-]{section.1.7}{\376\377\006\047\006\050\006\062\006\047\006\061\000\040\006\107\006\047\000\040\006\110\000\040\006\106\006\061\006\105\000\040\006\047\006\101\006\062\006\047\006\061\000\040\006\107\006\047\006\314\000\040\006\105\006\110\006\061\006\057\000\040\006\047\006\063\006\052\006\101\006\047\006\057\006\107}{chapter.1}% 8
\BOOKMARK [2][-]{subsection.1.7.1}{\376\377\000T\000e\000n\000s\000o\000r\000F\000l\000o\000w}{section.1.7}% 9
\BOOKMARK [2][-]{subsection.1.7.2}{\376\377\000M\000e\000d\000i\000a\000P\000i\000p\000e}{section.1.7}% 10
\BOOKMARK [1][-]{section.1.8}{\376\377\006\054\006\105\006\071\000\040\006\050\006\106\006\057\006\314}{chapter.1}% 11
\BOOKMARK [0][-]{chapter.2}{\376\377\006\251\006\047\006\061\040\014\006\107\006\047\006\314\000\040\006\105\006\064\006\047\006\050\006\107}{}% 12
\BOOKMARK [1][-]{section.2.1}{\376\377\006\105\006\102\006\057\006\105\006\107}{chapter.2}% 13
\BOOKMARK [1][-]{section.2.2}{\376\377\006\251\006\047\006\061\006\107\006\047\006\314\000\040\006\105\006\064\006\047\006\050\006\107}{chapter.2}% 14
\BOOKMARK [1][-]{section.2.3}{\376\377\006\054\006\105\006\071\040\014\006\050\006\106\006\057\006\314}{chapter.2}% 15
\BOOKMARK [0][-]{chapter.3}{\376\377\006\061\006\110\006\064\000\040\006\047\006\106\006\054\006\047\006\105\000\040\006\176\006\061\006\110\006\230\006\107}{}% 16
\BOOKMARK [1][-]{section.3.1}{\376\377\006\105\006\102\006\057\006\105\006\107}{chapter.3}% 17
\BOOKMARK [1][-]{section.3.2}{\376\377\006\105\006\057\006\314\006\047\006\176\006\047\006\314\006\176}{chapter.3}% 18
\BOOKMARK [2][-]{subsection.3.2.1}{\376\377\006\105\006\057\006\104\000\040\006\052\006\064\006\056\006\314\006\065\000\040\006\251\006\101\000\040\006\057\006\063\006\052}{section.3.2}% 19
\BOOKMARK [2][-]{subsection.3.2.2}{\376\377\006\105\006\057\006\104\000\040\006\052\006\064\006\056\006\314\006\065\000\040\006\106\006\102\006\047\006\067\000\040\006\071\006\067\006\101\000\040\006\057\006\063\006\052}{section.3.2}% 20
\BOOKMARK [1][-]{section.3.3}{\376\377\006\047\006\107\006\105\006\314\006\052\000\040\006\230\006\063\006\052\000\040\006\057\006\063\006\052}{chapter.3}% 21
\BOOKMARK [1][-]{section.3.4}{\376\377\006\251\006\106\006\052\006\061\006\104\000\040\006\176\006\107\006\176\006\047\006\057}{chapter.3}% 22
\BOOKMARK [0][-]{chapter.4}{\376\377\006\106\006\052\006\047\006\314\006\054\000\040\006\110\000\040\006\047\006\061\006\062\006\314\006\047\006\050\006\314}{}% 23
\BOOKMARK [1][-]{section.4.1}{\376\377\006\105\006\102\006\057\006\105\006\107}{chapter.4}% 24
\BOOKMARK [1][-]{section.4.2}{\376\377\006\106\006\052\006\047\006\314\006\054\000\040\006\110\000\040\006\047\006\061\006\062\006\314\006\047\006\050\006\314}{chapter.4}% 25
\BOOKMARK [1][-]{section.4.3}{\376\377\006\054\006\105\006\071\040\014\006\050\006\106\006\057\006\314}{chapter.4}% 26
\BOOKMARK [0][-]{chapter.5}{\376\377\006\106\006\052\006\314\006\054\006\107\000\040\006\257\006\314\006\061\006\314\000\040\006\110\000\040\006\176\006\314\006\064\006\106\006\107\006\047\006\057\006\047\006\052}{}% 27
\BOOKMARK [1][-]{section.5.1}{\376\377\006\105\006\102\006\057\006\105\006\107}{chapter.5}% 28
\BOOKMARK [1][-]{section.5.2}{\376\377\006\106\006\052\006\314\006\054\006\107\000\040\006\257\006\314\006\061\006\314\000\040\006\110\000\040\006\176\006\314\006\064\006\106\006\107\006\047\006\057\006\047\006\052}{chapter.5}% 29
\BOOKMARK [1][-]{section.5.3}{\376\377\006\054\006\105\006\071\040\014\006\050\006\106\006\057\006\314}{chapter.5}% 30
\BOOKMARK [0][-]{appendix*.4}{\376\377\006\251\006\052\006\047\006\050\040\014\006\106\006\047\006\105\006\107}{}% 31
